2001.01.19 17:22 B C:\Geoff\virtualgeoff\site\dumpster\properPSD\images\aboutus.gif --> ftp.virtualgeoff.com /usr/www/users/vgeoff/dumpster/properPSD/images aboutus.gif
2001.01.19 17:22 B C:\Geoff\virtualgeoff\site\dumpster\properPSD\images\aboutus_head.gif --> ftp.virtualgeoff.com /usr/www/users/vgeoff/dumpster/properPSD/images aboutus_head.gif
2001.01.19 17:22 B C:\Geoff\virtualgeoff\site\dumpster\properPSD\images\aboutusOn.gif --> ftp.virtualgeoff.com /usr/www/users/vgeoff/dumpster/properPSD/images aboutusOn.gif
2001.01.19 17:22 B C:\Geoff\virtualgeoff\site\dumpster\properPSD\images\aboutusOver.gif --> ftp.virtualgeoff.com /usr/www/users/vgeoff/dumpster/properPSD/images aboutusOver.gif
2001.01.19 17:22 B C:\Geoff\virtualgeoff\site\dumpster\properPSD\images\bear.jpg --> ftp.virtualgeoff.com /usr/www/users/vgeoff/dumpster/properPSD/images bear.jpg
2001.01.19 17:22 B C:\Geoff\virtualgeoff\site\dumpster\properPSD\images\bear2.jpg --> ftp.virtualgeoff.com /usr/www/users/vgeoff/dumpster/properPSD/images bear2.jpg
2001.01.19 17:22 B C:\Geoff\virtualgeoff\site\dumpster\properPSD\images\goodstuff.gif --> ftp.virtualgeoff.com /usr/www/users/vgeoff/dumpster/properPSD/images goodstuff.gif
2001.01.19 17:22 B C:\Geoff\virtualgeoff\site\dumpster\properPSD\images\goodstuff_head.gif --> ftp.virtualgeoff.com /usr/www/users/vgeoff/dumpster/properPSD/images goodstuff_head.gif
2001.01.19 17:22 B C:\Geoff\virtualgeoff\site\dumpster\properPSD\images\goodstuffOn.gif --> ftp.virtualgeoff.com /usr/www/users/vgeoff/dumpster/properPSD/images goodstuffOn.gif
2001.01.19 17:22 B C:\Geoff\virtualgeoff\site\dumpster\properPSD\images\goodstuffOver.gif --> ftp.virtualgeoff.com /usr/www/users/vgeoff/dumpster/properPSD/images goodstuffOver.gif
2001.01.19 17:22 B C:\Geoff\virtualgeoff\site\dumpster\properPSD\images\heading.gif --> ftp.virtualgeoff.com /usr/www/users/vgeoff/dumpster/properPSD/images heading.gif
2001.01.19 17:22 B C:\Geoff\virtualgeoff\site\dumpster\properPSD\images\links.gif --> ftp.virtualgeoff.com /usr/www/users/vgeoff/dumpster/properPSD/images links.gif
2001.01.19 17:22 B C:\Geoff\virtualgeoff\site\dumpster\properPSD\images\links_head.gif --> ftp.virtualgeoff.com /usr/www/users/vgeoff/dumpster/properPSD/images links_head.gif
2001.01.19 17:22 B C:\Geoff\virtualgeoff\site\dumpster\properPSD\images\linksOn.gif --> ftp.virtualgeoff.com /usr/www/users/vgeoff/dumpster/properPSD/images linksOn.gif
2001.01.19 17:22 B C:\Geoff\virtualgeoff\site\dumpster\properPSD\images\linksOver.gif --> ftp.virtualgeoff.com /usr/www/users/vgeoff/dumpster/properPSD/images linksOver.gif
2001.01.19 17:22 B C:\Geoff\virtualgeoff\site\dumpster\properPSD\images\offers.gif --> ftp.virtualgeoff.com /usr/www/users/vgeoff/dumpster/properPSD/images offers.gif
2001.01.19 17:22 B C:\Geoff\virtualgeoff\site\dumpster\properPSD\images\offers_head.gif --> ftp.virtualgeoff.com /usr/www/users/vgeoff/dumpster/properPSD/images offers_head.gif
2001.01.19 17:22 B C:\Geoff\virtualgeoff\site\dumpster\properPSD\images\offersOn.gif --> ftp.virtualgeoff.com /usr/www/users/vgeoff/dumpster/properPSD/images offersOn.gif
2001.01.19 17:33 B C:\Geoff\virtualgeoff\site\dumpster\properPSD\images\offersOver.gif --> ftp.virtualgeoff.com /usr/www/users/vgeoff/dumpster/properPSD/images offersOver.gif
2001.01.19 17:33 B C:\Geoff\virtualgeoff\site\dumpster\properPSD\images\properpsd.gif --> ftp.virtualgeoff.com /usr/www/users/vgeoff/dumpster/properPSD/images properpsd.gif
2001.01.19 17:33 B C:\Geoff\virtualgeoff\site\dumpster\properPSD\images\reddot.gif --> ftp.virtualgeoff.com /usr/www/users/vgeoff/dumpster/properPSD/images reddot.gif
2001.01.19 17:34 B C:\Geoff\virtualgeoff\site\dumpster\properPSD\images\star.gif --> ftp.virtualgeoff.com /usr/www/users/vgeoff/dumpster/properPSD/images star.gif
2001.01.19 17:34 B C:\Geoff\virtualgeoff\site\dumpster\properPSD\images\star_white.gif --> ftp.virtualgeoff.com /usr/www/users/vgeoff/dumpster/properPSD/images star_white.gif
2001.01.19 17:34 B C:\Geoff\virtualgeoff\site\dumpster\properPSD\images\starbg.gif --> ftp.virtualgeoff.com /usr/www/users/vgeoff/dumpster/properPSD/images starbg.gif
